2025-10-01T22:23:08.120+01:00  INFO 10940 --- [delivery-service] [main] c.m.d.DeliveryServiceApplication         : Starting DeliveryServiceApplication using Java 23.0.1 with PID 10940 (C:\Users\domeb\IdeaProjects\delivery-service\target\classes started by domeb in C:\Users\domeb\IdeaProjects\delivery-service)
2025-10-01T22:23:08.135+01:00  INFO 10940 --- [delivery-service] [main] c.m.d.DeliveryServiceApplication         : No active profile set, falling back to 1 default profile: "default"
2025-10-01T22:23:10.980+01:00  INFO 10940 --- [delivery-service] [main] .s.d.r.c.RepositoryConfigurationDelegate : Bootstrapping Spring Data JPA repositories in DEFAULT mode.
2025-10-01T22:23:11.110+01:00  INFO 10940 --- [delivery-service] [main] .s.d.r.c.RepositoryConfigurationDelegate : Finished Spring Data repository scanning in 109 ms. Found 2 JPA repository interfaces.
2025-10-01T22:23:12.578+01:00  INFO 10940 --- [delivery-service] [main] o.s.b.w.embedded.tomcat.TomcatWebServer  : Tomcat initialized with port 6060 (http)
2025-10-01T22:23:12.605+01:00  INFO 10940 --- [delivery-service] [main] o.apache.catalina.core.StandardService   : Starting service [Tomcat]
2025-10-01T22:23:12.605+01:00  INFO 10940 --- [delivery-service] [main] o.apache.catalina.core.StandardEngine    : Starting Servlet engine: [Apache Tomcat/10.1.46]
2025-10-01T22:23:12.737+01:00  INFO 10940 --- [delivery-service] [main] o.a.c.c.C.[.[.[/delivery-service]        : Initializing Spring embedded WebApplicationContext
2025-10-01T22:23:12.737+01:00  INFO 10940 --- [delivery-service] [main] w.s.c.ServletWebServerApplicationContext : Root WebApplicationContext: initialization completed in 4475 ms
2025-10-01T22:23:13.909+01:00  INFO 10940 --- [delivery-service] [main] o.hibernate.jpa.internal.util.LogHelper  : HHH000204: Processing PersistenceUnitInfo [name: default]
2025-10-01T22:23:14.225+01:00  INFO 10940 --- [delivery-service] [main] org.hibernate.Version                    : HHH000412: Hibernate ORM core version 6.6.29.Final
2025-10-01T22:23:14.264+01:00  WARN 10940 --- [delivery-service] [main] org.hibernate.orm.deprecation            : HHH90000021: Encountered deprecated setting [javax.persistence.validation.mode], use [jakarta.persistence.validation.mode] instead
2025-10-01T22:23:14.337+01:00  INFO 10940 --- [delivery-service] [main] o.h.c.internal.RegionFactoryInitiator    : HHH000026: Second-level cache disabled
2025-10-01T22:23:14.997+01:00  INFO 10940 --- [delivery-service] [main] o.s.o.j.p.SpringPersistenceUnitInfo      : No LoadTimeWeaver setup: ignoring JPA class transformer
2025-10-01T22:23:15.039+01:00  INFO 10940 --- [delivery-service] [main] com.zaxxer.hikari.HikariDataSource       : HikariPool-1 - Starting...
2025-10-01T22:23:15.791+01:00  INFO 10940 --- [delivery-service] [main] com.zaxxer.hikari.pool.HikariPool        : HikariPool-1 - Added connection ConnectionID:1 ClientConnectionId: 7da015ce-e63d-4ebb-93ef-a994daf28d9b
2025-10-01T22:23:15.800+01:00  INFO 10940 --- [delivery-service] [main] com.zaxxer.hikari.HikariDataSource       : HikariPool-1 - Start completed.
2025-10-01T22:23:16.043+01:00  WARN 10940 --- [delivery-service] [main] org.hibernate.orm.deprecation            : HHH90000025: SQLServerDialect does not need to be specified explicitly using 'hibernate.dialect' (remove the property setting and it will be selected by default)
2025-10-01T22:23:16.089+01:00  INFO 10940 --- [delivery-service] [main] org.hibernate.orm.connections.pooling    : HHH10001005: Database info:
	Database JDBC URL [Connecting through datasource 'HikariDataSource (HikariPool-1)']
	Database driver: undefined/unknown
	Database version: 16.0
	Autocommit mode: undefined/unknown
	Isolation level: undefined/unknown
	Minimum pool size: undefined/unknown
	Maximum pool size: undefined/unknown
2025-10-01T22:23:17.546+01:00  INFO 10940 --- [delivery-service] [main] o.h.e.t.j.p.i.JtaPlatformInitiator       : HHH000489: No JTA platform available (set 'hibernate.transaction.jta.platform' to enable JTA platform integration)
2025-10-01T22:23:18.495+01:00  INFO 10940 --- [delivery-service] [main] j.LocalContainerEntityManagerFactoryBean : Initialized JPA EntityManagerFactory for persistence unit 'default'
2025-10-01T22:23:19.677+01:00  INFO 10940 --- [delivery-service] [main] o.s.d.j.r.query.QueryEnhancerFactory     : Hibernate is in classpath; If applicable, HQL parser will be used.
2025-10-01T22:23:22.998+01:00  INFO 10940 --- [delivery-service] [main] o.s.b.a.e.web.EndpointLinksResolver      : Exposing 1 endpoint beneath base path '/actuator'
2025-10-01T22:23:23.190+01:00  INFO 10940 --- [delivery-service] [main] o.s.b.w.embedded.tomcat.TomcatWebServer  : Tomcat started on port 6060 (http) with context path '/delivery-service'
2025-10-01T22:23:23.215+01:00  INFO 10940 --- [delivery-service] [main] c.m.d.DeliveryServiceApplication         : Started DeliveryServiceApplication in 16.117 seconds (process running for 18.758)
2025-10-01T22:23:29.257+01:00  INFO 10940 --- [delivery-service] [SpringApplicationShutdownHook] o.s.b.w.e.tomcat.GracefulShutdown        : Commencing graceful shutdown. Waiting for active requests to complete
2025-10-01T22:23:29.272+01:00  INFO 10940 --- [delivery-service] [tomcat-shutdown] o.s.b.w.e.tomcat.GracefulShutdown        : Graceful shutdown complete
2025-10-01T22:23:29.290+01:00  INFO 10940 --- [delivery-service] [SpringApplicationShutdownHook] j.LocalContainerEntityManagerFactoryBean : Closing JPA EntityManagerFactory for persistence unit 'default'
2025-10-01T22:23:29.294+01:00  INFO 10940 --- [delivery-service] [SpringApplicationShutdownHook] com.zaxxer.hikari.HikariDataSource       : HikariPool-1 - Shutdown initiated...
2025-10-01T22:23:29.314+01:00  INFO 10940 --- [delivery-service] [SpringApplicationShutdownHook] com.zaxxer.hikari.HikariDataSource       : HikariPool-1 - Shutdown completed.
